2026-07-13T16:03:10.685Z washington: napoleon won a war against washington
2026-07-13T16:03:20.569Z washington: A war between washington and napoleon resulted in a draw
2026-07-13T16:03:24.332Z washington: washington won a war against napoleon
2026-07-13T16:51:17.191Z washington: A soldier will fight long and hard for a bit of colored ribbon.
2026-07-13T16:51:17.194Z washington: Never interrupt your enemy when he is making a mistake.
2026-07-13T16:51:17.194Z washington: It is well that war is so terrible, otherwise we should grow too fond of it.
2026-07-13T16:51:17.194Z washington: The hardest thing of all for a soldier is to retreat.
2026-07-13T16:51:17.194Z washington: A soldier will fight long and hard for a bit of colored ribbon.
2026-07-13T16:51:17.195Z washington: The art of war is simple enough. Find out where your enemy is. Get at him as soon as you can. Strike him as hard as you can, and keep moving on.
2026-07-13T16:51:17.195Z washington: The art of war is simple enough. Find out where your enemy is. Get at him as soon as you can. Strike him as hard as you can, and keep moving on.
2026-07-13T16:51:17.195Z washington: Never interrupt your enemy when he is making a mistake.
2026-07-13T16:51:17.195Z washington: The hardest thing of all for a soldier is to retreat.
2026-07-13T16:51:17.196Z washington: All warfare is based on deception.
2026-07-13T16:51:17.196Z washington: The art of war is simple enough. Find out where your enemy is. Get at him as soon as you can. Strike him as hard as you can, and keep moving on.
2026-07-13T16:51:17.196Z washington: The hardest thing of all for a soldier is to retreat.
2026-07-13T16:51:17.196Z washington: It is well that war is so terrible, otherwise we should grow too fond of it.
2026-07-13T16:51:17.196Z washington: A soldier will fight long and hard for a bit of colored ribbon.
2026-07-13T16:51:17.196Z washington: Never interrupt your enemy when he is making a mistake.
2026-07-13T16:51:17.196Z washington: The hardest thing of all for a soldier is to retreat.
2026-07-13T16:51:17.196Z washington: All warfare is based on deception.
2026-07-13T16:51:17.197Z washington: A soldier will fight long and hard for a bit of colored ribbon.
2026-07-13T16:51:17.197Z washington: The hardest thing of all for a soldier is to retreat.
2026-07-13T16:51:17.197Z washington: All warfare is based on deception.
2026-07-13T16:51:17.197Z washington: A soldier will fight long and hard for a bit of colored ribbon.
2026-07-13T16:51:17.197Z washington: The art of war is simple enough. Find out where your enemy is. Get at him as soon as you can. Strike him as hard as you can, and keep moving on.
2026-07-13T16:51:17.197Z washington: The art of war is simple enough. Find out where your enemy is. Get at him as soon as you can. Strike him as hard as you can, and keep moving on.
2026-07-13T16:51:17.197Z washington: Never interrupt your enemy when he is making a mistake.
2026-07-13T16:51:17.197Z washington: Never interrupt your enemy when he is making a mistake.
2026-07-13T16:52:36.978Z washington: The hardest thing of all for a soldier is to retreat.
2026-07-13T16:52:36.980Z washington: A soldier will fight long and hard for a bit of colored ribbon.
2026-07-13T16:52:36.980Z washington: All warfare is based on deception.
2026-07-13T16:52:36.980Z washington: All warfare is based on deception.
2026-07-13T16:52:36.981Z washington: It is well that war is so terrible, otherwise we should grow too fond of it.
2026-07-13T16:52:36.981Z washington: The art of war is simple enough. Find out where your enemy is. Get at him as soon as you can. Strike him as hard as you can, and keep moving on.
2026-07-13T16:52:36.981Z washington: Never interrupt your enemy when he is making a mistake.
2026-07-13T16:52:36.981Z washington: All warfare is based on deception.
2026-07-13T16:52:36.981Z washington: A soldier will fight long and hard for a bit of colored ribbon.
2026-07-13T16:52:36.981Z washington: The art of war is simple enough. Find out where your enemy is. Get at him as soon as you can. Strike him as hard as you can, and keep moving on.
2026-07-13T16:52:36.981Z washington: The art of war is simple enough. Find out where your enemy is. Get at him as soon as you can. Strike him as hard as you can, and keep moving on.
2026-07-13T16:52:36.981Z washington: Never interrupt your enemy when he is making a mistake.
2026-07-13T16:52:36.981Z washington: All warfare is based on deception.
2026-07-13T16:52:36.981Z washington: A soldier will fight long and hard for a bit of colored ribbon.
2026-07-13T16:52:36.981Z washington: The hardest thing of all for a soldier is to retreat.
2026-07-13T16:52:36.981Z washington: All warfare is based on deception.
2026-07-13T16:52:36.981Z washington: The hardest thing of all for a soldier is to retreat.
2026-07-13T16:52:36.981Z washington: The hardest thing of all for a soldier is to retreat.
2026-07-13T16:52:36.981Z washington: It is well that war is so terrible, otherwise we should grow too fond of it.
2026-07-13T16:52:36.981Z washington: The hardest thing of all for a soldier is to retreat.
2026-07-13T16:52:36.981Z washington: Never interrupt your enemy when he is making a mistake.
2026-07-13T16:52:36.982Z washington: A soldier will fight long and hard for a bit of colored ribbon.
2026-07-13T16:52:36.982Z washington: Never interrupt your enemy when he is making a mistake.
2026-07-13T16:52:36.982Z washington: The art of war is simple enough. Find out where your enemy is. Get at him as soon as you can. Strike him as hard as you can, and keep moving on.
2026-07-13T16:52:36.982Z washington: Never interrupt your enemy when he is making a mistake.
2026-07-13T16:52:36.982Z washington: It is well that war is so terrible, otherwise we should grow too fond of it.
2026-07-13T16:52:36.982Z washington: A soldier will fight long and hard for a bit of colored ribbon.
2026-07-13T16:52:36.982Z washington: It is well that war is so terrible, otherwise we should grow too fond of it.
2026-07-13T16:52:36.982Z washington: All warfare is based on deception.
